<?xml version="1.0" encoding="utf-8"?><testsuites name="pytest tests"><testsuite name="pytest" errors="0" failures="0" skipped="0" tests="15" time="16.737" timestamp="2026-03-03T22:12:30.957817+00:00" hostname="agent-env-1d18610b-2d00-4d8f-b6e4-9d097ef2da28"><testcase classname="backend.tests.test_multimile.TestAuth" name="test_login_success" time="0.411" /><testcase classname="backend.tests.test_multimile.TestAuth" name="test_login_invalid_credentials" time="0.152" /><testcase classname="backend.tests.test_multimile.TestAuth" name="test_register_new_user" time="0.349" /><testcase classname="backend.tests.test_multimile.TestAuth" name="test_get_profile" time="0.474" /><testcase classname="backend.tests.test_multimile.TestDashboard" name="test_dashboard_stats" time="0.113" /><testcase classname="backend.tests.test_multimile.TestTrips" name="test_list_trips" time="0.161" /><testcase classname="backend.tests.test_multimile.TestTrips" name="test_create_and_get_trip" time="0.272" /><testcase classname="backend.tests.test_multimile.TestTrips" name="test_end_trip" time="0.345" /><testcase classname="backend.tests.test_multimile.TestExpenses" name="test_list_expenses" time="0.201" /><testcase classname="backend.tests.test_multimile.TestExpenses" name="test_create_expense" time="0.174" /><testcase classname="backend.tests.test_multimile.TestReports" name="test_reports_summary" time="0.121" /><testcase classname="backend.tests.test_multimile.TestReports" name="test_csv_export" time="0.134" /><testcase classname="backend.tests.test_multimile.TestAI" name="test_ai_chat" time="5.692" /><testcase classname="backend.tests.test_multimile.TestAI" name="test_ai_insights" time="7.791" /><testcase classname="backend.tests.test_multimile.TestSubscription" name="test_get_subscription" time="0.153" /></testsuite></testsuites>